Arguments: 
  /usr/local/bin/node /opt/yarn/bin/yarn.js

PATH: 
  /usr/local/sbin:/usr/local/bin:/usr/sbin:/usr/bin:/sbin:/bin

Yarn version: 
  0.24.6

Node version: 
  8.1.2

Platform: 
  linux x64

npm manifest: 
  {
    "name": "module-util",
    "version": "1.0.0",
    "description": "Useful util tools for LDIW.",
    "main": "index.js",
    "author": "Qualitance",
    "license": "GPL-3.0",
    "dependencies": {
      "moment": "=2.18.1",
      "uuid": "=3.1.0"
    }
  }

yarn manifest: 
  No manifest

Lockfile: 
  # THIS IS AN AUTOGENERATED FILE. DO NOT EDIT THIS FILE DIRECTLY.
  # yarn lockfile v1
  
  
  moment@=2.18.1:
    version "2.18.1"
    resolved "https://registry.yarnpkg.com/moment/-/moment-2.18.1.tgz#c36193dd3ce1c2eed2adb7c802dbbc77a81b1c0f"
  
  uuid@=3.1.0:
    version "3.1.0"
    resolved "https://registry.yarnpkg.com/uuid/-/uuid-3.1.0.tgz#3dd3d3e790abc24d7b0d3a034ffababe28ebbc04"

Trace: 
  Error: ENOENT: no such file or directory, open '/module-util/node_modules/moment/CHANGELOG.md'
